<?xml version="1.0" encoding="UTF-8"?>
<!-- Generated by org.testng.reporters.JUnitReportReporter -->
<testsuite skipped="0" hostname="Wassila-PC" name="variousConcepts.LearnTestNG" tests="1" failures="0" timestamp="2021-07-29T22:50:00 EDT" time="7.340" errors="0">
  <testcase name="loginTest" time="7.340" classname="variousConcepts.LearnTestNG"/>
  <system-out/>
</testsuite> <!-- variousConcepts.LearnTestNG -->
